#
# A fatal error has been detected by the Java Runtime Environment:
#
#  EXCEPTION_ACCESS_VIOLATION (0xc0000005) at pc=0x000000002f71d7ec, pid=25224, tid=31196
#
# JRE version: Java(TM) SE Runtime Environment (8.0_77-b03) (build 1.8.0_77-b03)
# Java VM: Java HotSpot(TM) 64-Bit Server VM (25.77-b03 mixed mode windows-amd64 compressed oops)
# Problematic frame:
# C  [javaHeclib.dll+0x1dd7ec]
#
# Failed to write core dump. Minidumps are not enabled by default on client versions of Windows
#
# If you would like to submit a bug report, please visit:
#   http://bugreport.java.com/bugreport/crash.jsp
# The crash happened outside the Java Virtual Machine in native code.
# See problematic frame for where to report the bug.
#

---------------  T H R E A D  ---------------

Current thread (0x0000000004831800):  JavaThread "main" [_thread_in_native, id=31196, stack(0x00000000049b0000,0x0000000004ab0000)]

siginfo: ExceptionCode=0xc0000005, reading address 0x000000002aa510e0

Registers:
RAX=0x0000000000000044, RBX=0x000000002f376f88, RCX=0x000000002aa50ec0, RDX=0x0000000000100000
RSP=0x0000000004aacd80, RBP=0x0000000004aad168, RSI=0x0000000010000031, RDI=0x0000000004aaceb0
R8 =0x7efefefefefefeff, R9 =0x7f0efeff72716475, R10=0xfefefefefefefeff, R11=0x8101010101010100
R12=0x0000000000000000, R13=0x000000002f376f88, R14=0x0000000004aad1a0, R15=0x0000000004831800
RIP=0x000000002f71d7ec, EFLAGS=0x0000000000010206

Top of Stack: (sp=0x0000000004aacd80)
0x0000000004aacd80:   0000000000000073 cccccccccccccccc
0x0000000004aacd90:   cccccccccccccccc cccccccccccccccc
0x0000000004aacda0:   cccccccccccccccc cccccccccccccccc
0x0000000004aacdb0:   cccccccc00000004 cccccccccccccccc
0x0000000004aacdc0:   73726576cccccccc cccccccccccccc00
0x0000000004aacdd0:   cccccccccccccccc cccccccccccccccc
0x0000000004aacde0:   cccccccccccccccc cccccccccccccccc
0x0000000004aacdf0:   cccccccccccccccc cccccccccccccccc
0x0000000004aace00:   cccccccccccccccc cccccccccccccccc
0x0000000004aace10:   cccccccccccccccc cccccccccccccccc
0x0000000004aace20:   cccccccccccccccc cccccccccccccccc
0x0000000004aace30:   cccccccc00000004 cccccccccccccccc
0x0000000004aace40:   cccccccccccccccc cccccccccccccccc
0x0000000004aace50:   cccccccccccccccc cccccccccccccccc
0x0000000004aace60:   00000000cccccccc cccccccccccccccc
0x0000000004aace70:   cccccccccccccccc cccccccccccccccc 

Instructions: (pc=0x000000002f71d7ec)
0x000000002f71d7cc:   00 48 6b c0 00 48 8b 8c 24 50 01 00 00 c6 04 01
0x000000002f71d7dc:   00 48 63 05 34 e5 67 00 48 8b 8c 24 40 01 00 00
0x000000002f71d7ec:   48 8b 04 c1 48 89 84 24 a8 00 00 00 41 b8 05 00
0x000000002f71d7fc:   00 00 ba 0e 00 00 00 48 8b 8c 24 40 01 00 00 e8 


Register to memory mapping:

RAX=0x0000000000000044 is an unknown value
RBX={method} {0x000000002f376f90} 'Hec_zinqir' '([ILjava/lang/String;Lhec/heclib/util/stringContainer;[I)V' in 'hec/heclib/util/Heclib'
RCX=0x000000002aa50ec0 is an unknown value
RDX=0x0000000000100000 is an unknown value
RSP=0x0000000004aacd80 is pointing into the stack for thread: 0x0000000004831800
RBP=0x0000000004aad168 is pointing into the stack for thread: 0x0000000004831800
RSI=0x0000000010000031 is an unknown value
RDI=0x0000000004aaceb0 is pointing into the stack for thread: 0x0000000004831800
R8 =0x7efefefefefefeff is an unknown value
R9 =0x7f0efeff72716475 is an unknown value
R10=0xfefefefefefefeff is an unknown value
R11=0x8101010101010100 is an unknown value
R12=0x0000000000000000 is an unknown value
R13={method} {0x000000002f376f90} 'Hec_zinqir' '([ILjava/lang/String;Lhec/heclib/util/stringContainer;[I)V' in 'hec/heclib/util/Heclib'
R14=0x0000000004aad1a0 is pointing into the stack for thread: 0x0000000004831800
R15=0x0000000004831800 is a thread


Stack: [0x00000000049b0000,0x0000000004ab0000],  sp=0x0000000004aacd80,  free space=1011k
Native frames: (J=compiled Java code, j=interpreted, Vv=VM code, C=native code)
C  [javaHeclib.dll+0x1dd7ec]
C  [javaHeclib.dll+0x1a7a5f]
C  0x0000000004ac6937

Java frames: (J=compiled Java code, j=interpreted, Vv=VM code)
j  hec.heclib.util.Heclib.Hec_zinqir([ILjava/lang/String;Lhec/heclib/util/stringContainer;[I)V+0
j  hec.heclib.util.Heclib.getLibraryMajorVersion()I+34
j  hec.heclib.util.Heclib.<clinit>()V+21
v  ~StubRoutines::call_stub
j  hec.heclib.dss.HecDSSFileAccess.zset(Ljava/lang/String;Ljava/lang/String;I)V+3
j  hec.heclib.dss.HecDSSFileAccess.catchSevereErrors()V+5
j  hec.heclib.dss.HecDss.open(Ljava/lang/String;ZZI)Lhec/heclib/dss/HecDss;+0
j  hec.heclib.dss.HecDss.open(Ljava/lang/String;Z)Lhec/heclib/dss/HecDss;+8
j  hec.heclib.dss.HecDss.open(Ljava/lang/String;)Lhec/heclib/dss/HecDss;+2
v  ~StubRoutines::call_stub
j  sun.reflect.NativeMethodAccessorImpl.invoke0(Ljava/lang/reflect/Method;Ljava/lang/Object;[Ljava/lang/Object;)Ljava/lang/Object;+0
j  sun.reflect.NativeMethodAccessorImpl.invoke(Ljava/lang/Object;[Ljava/lang/Object;)Ljava/lang/Object;+100
j  sun.reflect.DelegatingMethodAccessorImpl.invoke(Ljava/lang/Object;[Ljava/lang/Object;)Ljava/lang/Object;+6
j  java.lang.reflect.Method.invoke(Ljava/lang/Object;[Ljava/lang/Object;)Ljava/lang/Object;+56
j  org.python.core.PyReflectedFunction.__call__(Lorg/python/core/PyObject;[Lorg/python/core/PyObject;[Ljava/lang/String;)Lorg/python/core/PyObject;+217
j  org.python.core.PyReflectedFunction.__call__([Lorg/python/core/PyObject;[Ljava/lang/String;)Lorg/python/core/PyObject;+43
J 1440 C1 org.python.core.PyObject.__call__(Lorg/python/core/PyObject;)Lorg/python/core/PyObject; (16 bytes) @ 0x0000000004fc6334 [0x0000000004fc6080+0x2b4]
J 1713 C1 org.python.core.PyObject.__call__(Lorg/python/core/ThreadState;Lorg/python/core/PyObject;)Lorg/python/core/PyObject; (6 bytes) @ 0x00000000050a9584 [0x00000000050a9480+0x104]
j  Locations$py.f$0(Lorg/python/core/PyFrame;Lorg/python/core/ThreadState;)Lorg/python/core/PyObject;+63
j  Locations$py.call_function(ILorg/python/core/PyFrame;Lorg/python/core/ThreadState;)Lorg/python/core/PyObject;+40
J 1731 C1 org.python.core.PyTableCode.call(Lorg/python/core/ThreadState;Lorg/python/core/PyFrame;Lorg/python/core/PyObject;)Lorg/python/core/PyObject; (320 bytes) @ 0x00000000050c5ed4 [0x00000000050c58a0+0x634]
j  org.python.core.PyCode.call(Lorg/python/core/ThreadState;Lorg/python/core/PyFrame;)Lorg/python/core/PyObject;+4
j  org.python.core.imp.createFromCode(Ljava/lang/String;Lorg/python/core/PyCode;Ljava/lang/String;)Lorg/python/core/PyObject;+117
j  org.python.core.imp.createFromPyClass(Ljava/lang/String;Ljava/io/InputStream;ZLjava/lang/String;Ljava/lang/String;JLorg/python/core/imp$CodeImport;)Lorg/python/core/PyObject;+179
j  org.python.core.imp.createFromPyClass(Ljava/lang/String;Ljava/io/InputStream;ZLjava/lang/String;Ljava/lang/String;J)Lorg/python/core/PyObject;+11
J 1956 C2 org.python.core.imp.loadFromSource(Lorg/python/core/PySystemState;Ljava/lang/String;Ljava/lang/String;Ljava/lang/String;)Lorg/python/core/PyObject; (611 bytes) @ 0x0000000005211990 [0x000000000520f5a0+0x23f0]
j  org.python.core.imp.find_module(Ljava/lang/String;Ljava/lang/String;Lorg/python/core/PyList;)Lorg/python/core/PyObject;+252
j  org.python.core.imp.import_next(Lorg/python/core/PyObject;Ljava/lang/StringBuilder;Ljava/lang/String;Ljava/lang/String;Lorg/python/core/PyObject;)Lorg/python/core/PyObject;+73
j  org.python.core.imp.import_module_level(Ljava/lang/String;ZLorg/python/core/PyObject;Lorg/python/core/PyObject;I)Lorg/python/core/PyObject;+193
j  org.python.core.imp.importName(Ljava/lang/String;ZLorg/python/core/PyObject;Lorg/python/core/PyObject;I)Lorg/python/core/PyObject;+24
j  org.python.core.ImportFunction.__call__([Lorg/python/core/PyObject;[Ljava/lang/String;)Lorg/python/core/PyObject;+107
J 1552 C1 org.python.core.PyObject.__call__([Lorg/python/core/PyObject;)Lorg/python/core/PyObject; (9 bytes) @ 0x000000000503588c [0x0000000005035780+0x10c]
j  org.python.core.__builtin__.__import__(Ljava/lang/String;Lorg/python/core/PyObject;Lorg/python/core/PyObject;Lorg/python/core/PyObject;I)Lorg/python/core/PyObject;+123
j  org.python.core.imp.importOne(Ljava/lang/String;Lorg/python/core/PyFrame;I)Lorg/python/core/PyObject;+13
j  org.python.pycode._pyx0.f$0(Lorg/python/core/PyFrame;Lorg/python/core/ThreadState;)Lorg/python/core/PyObject;+675
j  org.python.pycode._pyx0.call_function(ILorg/python/core/PyFrame;Lorg/python/core/ThreadState;)Lorg/python/core/PyObject;+56
J 1731 C1 org.python.core.PyTableCode.call(Lorg/python/core/ThreadState;Lorg/python/core/PyFrame;Lorg/python/core/PyObject;)Lorg/python/core/PyObject; (320 bytes) @ 0x00000000050c5ed4 [0x00000000050c58a0+0x634]
j  org.python.core.PyCode.call(Lorg/python/core/ThreadState;Lorg/python/core/PyFrame;)Lorg/python/core/PyObject;+4
j  org.python.core.Py.runCode(Lorg/python/core/PyCode;Lorg/python/core/PyObject;Lorg/python/core/PyObject;)Lorg/python/core/PyObject;+154
j  org.python.util.PythonInterpreter.execfile(Ljava/io/InputStream;Ljava/lang/String;)V+21
j  org.python.util.jython.run([Ljava/lang/String;)V+780
j  org.python.util.jython.main([Ljava/lang/String;)V+5
v  ~StubRoutines::call_stub

---------------  P R O C E S S  ---------------

Java Threads: ( => current thread )
  0x0000000028f67000 JavaThread "Service Thread" daemon [_thread_blocked, id=23864, stack(0x000000002a5f0000,0x000000002a6f0000)]
  0x0000000028ee0000 JavaThread "C1 CompilerThread3" daemon [_thread_blocked, id=30728, stack(0x000000002a4f0000,0x000000002a5f0000)]
  0x0000000028ed8800 JavaThread "C2 CompilerThread2" daemon [_thread_blocked, id=30916, stack(0x000000002a3f0000,0x000000002a4f0000)]
  0x0000000028ed5000 JavaThread "C2 CompilerThread1" daemon [_thread_blocked, id=18624, stack(0x000000002a2f0000,0x000000002a3f0000)]
  0x0000000028ed3000 JavaThread "C2 CompilerThread0" daemon [_thread_in_native, id=9232, stack(0x000000002a1f0000,0x000000002a2f0000)]
  0x0000000028ec7800 JavaThread "Attach Listener" daemon [_thread_blocked, id=30144, stack(0x000000002a0f0000,0x000000002a1f0000)]
  0x0000000028ec6000 JavaThread "Signal Dispatcher" daemon [_thread_blocked, id=27948, stack(0x0000000029ff0000,0x000000002a0f0000)]
  0x0000000028eb2000 JavaThread "Finalizer" daemon [_thread_blocked, id=25280, stack(0x0000000029e00000,0x0000000029f00000)]
  0x0000000027b23800 JavaThread "Reference Handler" daemon [_thread_blocked, id=12676, stack(0x0000000029d00000,0x0000000029e00000)]
=>0x0000000004831800 JavaThread "main" [_thread_in_native, id=31196, stack(0x00000000049b0000,0x0000000004ab0000)]

Other Threads:
  0x0000000027b1b000 VMThread [stack: 0x0000000029c00000,0x0000000029d00000] [id=9312]
  0x0000000029014000 WatcherThread [stack: 0x000000002a6f0000,0x000000002a7f0000] [id=29668]

VM state:not at safepoint (normal execution)

VM Mutex/Monitor currently owned by a thread: None

Heap:
 PSYoungGen      total 284672K, used 47301K [0x0000000715b00000, 0x0000000738700000, 0x00000007c0000000)
  eden space 263168K, 17% used [0x0000000715b00000,0x0000000718931768,0x0000000725c00000)
  from space 21504K, 0% used [0x0000000725c00000,0x0000000725c00000,0x0000000727100000)
  to   space 21504K, 0% used [0x0000000737200000,0x0000000737200000,0x0000000738700000)
 ParOldGen       total 367104K, used 116998K [0x00000005c1000000, 0x00000005d7680000, 0x0000000715b00000)
  object space 367104K, 31% used [0x00000005c1000000,0x00000005c82419b0,0x00000005d7680000)
 Metaspace       used 27327K, capacity 28338K, committed 28720K, reserved 1073152K
  class space    used 5485K, capacity 5591K, committed 5680K, reserved 1048576K

Card table byte_map: [0x0000000013e70000,0x0000000014e70000] byte_map_base: 0x0000000011068000

Marking Bits: (ParMarkBitMap*) 0x0000000071420600
 Begin Bits: [0x0000000016120000, 0x000000001e0e0000)
 End Bits:   [0x000000001e0e0000, 0x00000000260a0000)

Polling page: 0x0000000002c80000

CodeCache: size=245760Kb used=9323Kb max_used=9323Kb free=236436Kb
 bounds [0x0000000004ab0000, 0x00000000053d0000, 0x0000000013ab0000]
 total_blobs=2959 nmethods=2435 adapters=435
 compilation: enabled

Compilation events (10 events):
Event: 4.926 Thread 0x0000000028ee0000 2433       3       java.lang.reflect.Constructor::copy (72 bytes)
Event: 4.926 Thread 0x0000000028ee0000 nmethod 2433 0x00000000053bef50 code [0x00000000053bf0e0, 0x00000000053bf458]
Event: 4.926 Thread 0x0000000028ee0000 2434       3       java.lang.reflect.Constructor::<init> (50 bytes)
Event: 4.926 Thread 0x0000000028ee0000 nmethod 2434 0x00000000053be950 code [0x00000000053beac0, 0x00000000053bedf0]
Event: 4.927 Thread 0x0000000028ee0000 2435       3       java.lang.Class::privateGetPublicFields (183 bytes)
Event: 4.928 Thread 0x0000000028ee0000 nmethod 2435 0x00000000053caa50 code [0x00000000053cae00, 0x00000000053ccd58]
Event: 5.015 Thread 0x0000000028ee0000 2436       3       java.util.HashMap::<init> (98 bytes)
Event: 5.015 Thread 0x0000000028ee0000 nmethod 2436 0x00000000053c0fd0 code [0x00000000053c1280, 0x00000000053c25b8]
Event: 5.023 Thread 0x0000000028ed8800 2437  s!   4       java.net.URLStreamHandler::getHostAddress (54 bytes)
Event: 5.025 Thread 0x0000000028ed8800 nmethod 2437 0x00000000053c0a10 code [0x00000000053c0b60, 0x00000000053c0e98]

GC Heap History (8 events):
Event: 1.886 GC heap before
{Heap before GC invocations=1 (full 0):
 PSYoungGen      total 153088K, used 131584K [0x0000000715b00000, 0x0000000720580000, 0x00000007c0000000)
  eden space 131584K, 100% used [0x0000000715b00000,0x000000071db80000,0x000000071db80000)
  from space 21504K, 0% used [0x000000071f080000,0x000000071f080000,0x0000000720580000)
  to   space 21504K, 0% used [0x000000071db80000,0x000000071db80000,0x000000071f080000)
 ParOldGen       total 349696K, used 0K [0x00000005c1000000, 0x00000005d6580000, 0x0000000715b00000)
  object space 349696K, 0% used [0x00000005c1000000,0x00000005c1000000,0x00000005d6580000)
 Metaspace       used 14674K, capacity 14796K, committed 15104K, reserved 1060864K
  class space    used 3204K, capacity 3250K, committed 3328K, reserved 1048576K
Event: 1.913 GC heap after
Heap after GC invocations=1 (full 0):
 PSYoungGen      total 153088K, used 21490K [0x0000000715b00000, 0x0000000728600000, 0x00000007c0000000)
  eden space 131584K, 0% used [0x0000000715b00000,0x0000000715b00000,0x000000071db80000)
  from space 21504K, 99% used [0x000000071db80000,0x000000071f07c9c8,0x000000071f080000)
  to   space 21504K, 0% used [0x0000000727100000,0x0000000727100000,0x0000000728600000)
 ParOldGen       total 349696K, used 22462K [0x00000005c1000000, 0x00000005d6580000, 0x0000000715b00000)
  object space 349696K, 6% used [0x00000005c1000000,0x00000005c25efba8,0x00000005d6580000)
 Metaspace       used 14674K, capacity 14796K, committed 15104K, reserved 1060864K
  class space    used 3204K, capacity 3250K, committed 3328K, reserved 1048576K
}
Event: 2.323 GC heap before
{Heap before GC invocations=2 (full 0):
 PSYoungGen      total 153088K, used 153074K [0x0000000715b00000, 0x0000000728600000, 0x00000007c0000000)
  eden space 131584K, 100% used [0x0000000715b00000,0x000000071db80000,0x000000071db80000)
  from space 21504K, 99% used [0x000000071db80000,0x000000071f07c9c8,0x000000071f080000)
  to   space 21504K, 0% used [0x0000000727100000,0x0000000727100000,0x0000000728600000)
 ParOldGen       total 349696K, used 22462K [0x00000005c1000000, 0x00000005d6580000, 0x0000000715b00000)
  object space 349696K, 6% used [0x00000005c1000000,0x00000005c25efba8,0x00000005d6580000)
 Metaspace       used 15913K, capacity 16130K, committed 16256K, reserved 1062912K
  class space    used 3592K, capacity 3619K, committed 3712K, reserved 1048576K
Event: 2.354 GC heap after
Heap after GC invocations=2 (full 0):
 PSYoungGen      total 284672K, used 21475K [0x0000000715b00000, 0x0000000728600000, 0x00000007c0000000)
  eden space 263168K, 0% used [0x0000000715b00000,0x0000000715b00000,0x0000000725c00000)
  from space 21504K, 99% used [0x0000000727100000,0x00000007285f8e20,0x0000000728600000)
  to   space 21504K, 0% used [0x0000000725c00000,0x0000000725c00000,0x0000000727100000)
 ParOldGen       total 349696K, used 68388K [0x00000005c1000000, 0x00000005d6580000, 0x0000000715b00000)
  object space 349696K, 19% used [0x00000005c1000000,0x00000005c52c9058,0x00000005d6580000)
 Metaspace       used 15913K, capacity 16130K, committed 16256K, reserved 1062912K
  class space    used 3592K, capacity 3619K, committed 3712K, reserved 1048576K
}
Event: 4.221 GC heap before
{Heap before GC invocations=3 (full 0):
 PSYoungGen      total 284672K, used 221281K [0x0000000715b00000, 0x0000000728600000, 0x00000007c0000000)
  eden space 263168K, 75% used [0x0000000715b00000,0x0000000721e1f990,0x0000000725c00000)
  from space 21504K, 99% used [0x0000000727100000,0x00000007285f8e20,0x0000000728600000)
  to   space 21504K, 0% used [0x0000000725c00000,0x0000000725c00000,0x0000000727100000)
 ParOldGen       total 349696K, used 68388K [0x00000005c1000000, 0x00000005d6580000, 0x0000000715b00000)
  object space 349696K, 19% used [0x00000005c1000000,0x00000005c52c9058,0x00000005d6580000)
 Metaspace       used 20213K, capacity 21154K, committed 21296K, reserved 1067008K
  class space    used 4318K, capacity 4370K, committed 4400K, reserved 1048576K
Event: 4.254 GC heap after
Heap after GC invocations=3 (full 0):
 PSYoungGen      total 284672K, used 21474K [0x0000000715b00000, 0x0000000738700000, 0x00000007c0000000)
  eden space 263168K, 0% used [0x0000000715b00000,0x0000000715b00000,0x0000000725c00000)
  from space 21504K, 99% used [0x0000000725c00000,0x00000007270f89f8,0x0000000727100000)
  to   space 21504K, 0% used [0x0000000737200000,0x0000000737200000,0x0000000738700000)
 ParOldGen       total 349696K, used 102483K [0x00000005c1000000, 0x00000005d6580000, 0x0000000715b00000)
  object space 349696K, 29% used [0x00000005c1000000,0x00000005c7414f78,0x00000005d6580000)
 Metaspace       used 20213K, capacity 21154K, committed 21296K, reserved 1067008K
  class space    used 4318K, capacity 4370K, committed 4400K, reserved 1048576K
}
Event: 4.254 GC heap before
{Heap before GC invocations=4 (full 1):
 PSYoungGen      total 284672K, used 21474K [0x0000000715b00000, 0x0000000738700000, 0x00000007c0000000)
  eden space 263168K, 0% used [0x0000000715b00000,0x0000000715b00000,0x0000000725c00000)
  from space 21504K, 99% used [0x0000000725c00000,0x00000007270f89f8,0x0000000727100000)
  to   space 21504K, 0% used [0x0000000737200000,0x0000000737200000,0x0000000738700000)
 ParOldGen       total 349696K, used 102483K [0x00000005c1000000, 0x00000005d6580000, 0x0000000715b00000)
  object space 349696K, 29% used [0x00000005c1000000,0x00000005c7414f78,0x00000005d6580000)
 Metaspace       used 20213K, capacity 21154K, committed 21296K, reserved 1067008K
  class space    used 4318K, capacity 4370K, committed 4400K, reserved 1048576K
Event: 4.435 GC heap after
Heap after GC invocations=4 (full 1):
 PSYoungGen      total 284672K, used 0K [0x0000000715b00000, 0x0000000738700000, 0x00000007c0000000)
  eden space 263168K, 0% used [0x0000000715b00000,0x0000000715b00000,0x0000000725c00000)
  from space 21504K, 0% used [0x0000000725c00000,0x0000000725c00000,0x0000000727100000)
  to   space 21504K, 0% used [0x0000000737200000,0x0000000737200000,0x0000000738700000)
 ParOldGen       total 367104K, used 116998K [0x00000005c1000000, 0x00000005d7680000, 0x0000000715b00000)
  object space 367104K, 31% used [0x00000005c1000000,0x00000005c82419b0,0x00000005d7680000)
 Metaspace       used 20163K, capacity 21008K, committed 21296K, reserved 1067008K
  class space    used 4316K, capacity 4364K, committed 4400K, reserved 1048576K
}

Deoptimization events (10 events):
Event: 3.749 Thread 0x0000000004831800 Uncommon trap: reason=bimorphic action=maybe_recompile pc=0x0000000005046bc4 method=org.python.core.PySequence$DefaultIndexDelegate.len()I @ 4
Event: 3.750 Thread 0x0000000004831800 Uncommon trap: reason=class_check action=maybe_recompile pc=0x0000000005108178 method=org.python.core.PyString.coerce(Lorg/python/core/PyObject;)Ljava/lang/String; @ 1
Event: 3.750 Thread 0x0000000004831800 Uncommon trap: reason=bimorphic action=maybe_recompile pc=0x00000000050f9784 method=org.python.core.PyObject._eq(Lorg/python/core/PyObject;)Lorg/python/core/PyObject; @ 131
Event: 3.750 Thread 0x0000000004831800 Uncommon trap: reason=class_check action=maybe_recompile pc=0x0000000005108178 method=org.python.core.PyString.coerce(Lorg/python/core/PyObject;)Ljava/lang/String; @ 1
Event: 3.780 Thread 0x0000000004831800 Uncommon trap: reason=class_check action=maybe_recompile pc=0x0000000005118f8c method=org.python.core.PyType$MethodCache$MethodCacheEntry.get([Lorg/python/core/PyObject;)Lorg/python/core/PyObject; @ 13
Event: 3.780 Thread 0x0000000004831800 Uncommon trap: reason=class_check action=maybe_recompile pc=0x0000000005118f8c method=org.python.core.PyType$MethodCache$MethodCacheEntry.get([Lorg/python/core/PyObject;)Lorg/python/core/PyObject; @ 13
Event: 3.780 Thread 0x0000000004831800 Uncommon trap: reason=class_check action=maybe_recompile pc=0x0000000005118f8c method=org.python.core.PyType$MethodCache$MethodCacheEntry.get([Lorg/python/core/PyObject;)Lorg/python/core/PyObject; @ 13
Event: 3.791 Thread 0x0000000004831800 Uncommon trap: reason=unstable_if action=reinterpret pc=0x0000000005172bdc method=org.python.core.PyObject.equals(Ljava/lang/Object;)Z @ 2
Event: 4.178 Thread 0x0000000004831800 Uncommon trap: reason=unstable_if action=reinterpret pc=0x00000000051cf0a0 method=org.python.antlr.runtime.ANTLRStringStream.LA(I)I @ 38
Event: 4.440 Thread 0x0000000028eb2000 Uncommon trap: reason=unstable_if action=reinterpret pc=0x00000000050e6e30 method=java.lang.ThreadLocal.get()Ljava/lang/Object; @ 11

Internal exceptions (10 events):
Event: 5.008 Thread 0x0000000004831800 Exception <a 'java/io/FileNotFoundException'> (0x00000007184a1fc8) thrown at [D:\re\workspace\8-2-build-windows-amd64-cygwin\jdk8u77\6540\hotspot\src\share\vm\prims\jni.cpp, line 709]
Event: 5.008 Thread 0x0000000004831800 Exception <a 'java/io/FileNotFoundException'> (0x00000007184a3428) thrown at [D:\re\workspace\8-2-build-windows-amd64-cygwin\jdk8u77\6540\hotspot\src\share\vm\prims\jni.cpp, line 709]
Event: 5.008 Thread 0x0000000004831800 Exception <a 'java/io/FileNotFoundException'> (0x00000007184a8ff8) thrown at [D:\re\workspace\8-2-build-windows-amd64-cygwin\jdk8u77\6540\hotspot\src\share\vm\prims\jni.cpp, line 709]
Event: 5.008 Thread 0x0000000004831800 Exception <a 'java/io/FileNotFoundException'> (0x00000007184aac80) thrown at [D:\re\workspace\8-2-build-windows-amd64-cygwin\jdk8u77\6540\hotspot\src\share\vm\prims\jni.cpp, line 709]
Event: 5.047 Thread 0x0000000004831800 Exception <a 'java/io/FileNotFoundException'> (0x0000000718763220) thrown at [D:\re\workspace\8-2-build-windows-amd64-cygwin\jdk8u77\6540\hotspot\src\share\vm\prims\jni.cpp, line 709]
Event: 5.047 Thread 0x0000000004831800 Exception <a 'java/io/FileNotFoundException'> (0x0000000718764938) thrown at [D:\re\workspace\8-2-build-windows-amd64-cygwin\jdk8u77\6540\hotspot\src\share\vm\prims\jni.cpp, line 709]
Event: 5.047 Thread 0x0000000004831800 Exception <a 'java/io/FileNotFoundException'> (0x0000000718789fc8) thrown at [D:\re\workspace\8-2-build-windows-amd64-cygwin\jdk8u77\6540\hotspot\src\share\vm\prims\jni.cpp, line 709]
Event: 5.047 Thread 0x0000000004831800 Exception <a 'java/io/FileNotFoundException'> (0x000000071878b610) thrown at [D:\re\workspace\8-2-build-windows-amd64-cygwin\jdk8u77\6540\hotspot\src\share\vm\prims\jni.cpp, line 709]
Event: 5.047 Thread 0x0000000004831800 Exception <a 'java/io/FileNotFoundException'> (0x00000007187913c8) thrown at [D:\re\workspace\8-2-build-windows-amd64-cygwin\jdk8u77\6540\hotspot\src\share\vm\prims\jni.cpp, line 709]
Event: 5.047 Thread 0x0000000004831800 Exception <a 'java/io/FileNotFoundException'> (0x0000000718793238) thrown at [D:\re\workspace\8-2-build-windows-amd64-cygwin\jdk8u77\6540\hotspot\src\share\vm\prims\jni.cpp, line 709]

Events (10 events):
Event: 5.050 loading class hec/event/HecDssListener
Event: 5.050 loading class hec/event/HecDssListener done
Event: 5.051 loading class hec/heclib/dss/HecDSSFileAccess
Event: 5.051 loading class hec/heclib/dss/HecDSSFileAccess done
Event: 5.052 loading class hec/heclib/util/Heclib
Event: 5.052 loading class hec/heclib/util/Heclib done
Event: 5.055 loading class java/lang/ClassLoaderHelper
Event: 5.055 loading class java/lang/ClassLoaderHelper done
Event: 5.071 loading class hec/heclib/util/stringContainer
Event: 5.071 loading class hec/heclib/util/stringContainer done


Dynamic libraries:
0x00007ff684b50000 - 0x00007ff684b87000 	C:\Data\Perforce\development\apps\jdk1.8.0_77_64Bit\bin\javaw.exe
0x00007ffeb2830000 - 0x00007ffeb2a10000 	C:\WINDOWS\SYSTEM32\ntdll.dll
0x00007ffe7a080000 - 0x00007ffe7a0f0000 	C:\WINDOWS\System32\verifier.dll
0x00007ffe6eef0000 - 0x00007ffe6efd3000 	C:\WINDOWS\SYSTEM32\PayloadRestrictions.dll
0x00007ffeaece0000 - 0x00007ffeaedd4000 	C:\WINDOWS\System32\ucrtbase.dll
0x00007ffeafa90000 - 0x00007ffeafcf6000 	C:\WINDOWS\System32\kernelbase.dll
0x00007ffeb23c0000 - 0x00007ffeb246e000 	C:\WINDOWS\System32\kernel32.dll
0x00007ffeaff40000 - 0x00007ffeaffe1000 	C:\WINDOWS\System32\ADVAPI32.dll
0x00007ffeafdf0000 - 0x00007ffeafe8d000 	C:\WINDOWS\System32\msvcrt.dll
0x00007ffeb0b90000 - 0x00007ffeb0beb000 	C:\WINDOWS\System32\sechost.dll
0x00007ffeb07f0000 - 0x00007ffeb090f000 	C:\WINDOWS\System32\RPCRT4.dll
0x00007ffeb0050000 - 0x00007ffeb01df000 	C:\WINDOWS\System32\USER32.dll
0x00007ffeaefd0000 - 0x00007ffeaeff0000 	C:\WINDOWS\System32\win32u.dll
0x00007ffeafd60000 - 0x00007ffeafd88000 	C:\WINDOWS\System32\GDI32.dll
0x00007ffeaede0000 - 0x00007ffeaef73000 	C:\WINDOWS\System32\gdi32full.dll
0x00007ffeaf1c0000 - 0x00007ffeaf25b000 	C:\WINDOWS\System32\msvcp_win.dll
0x00007ffe9d020000 - 0x00007ffe9d289000 	C:\WINDOWS\WinSxS\amd64_microsoft.windows.common-controls_6595b64144ccf1df_6.0.16299.1504_none_0f88b60a5a6c73b1\COMCTL32.dll
0x00007ffeb2470000 - 0x00007ffeb2776000 	C:\WINDOWS\System32\combase.dll
0x00007ffeaf260000 - 0x00007ffeaf2d8000 	C:\WINDOWS\System32\bcryptPrimitives.dll
0x00007ffeb0b60000 - 0x00007ffeb0b8d000 	C:\WINDOWS\System32\IMM32.DLL
0x00007ffe8f6e0000 - 0x00007ffe8f78c000 	C:\Program Files\McAfee\Host Intrusion Prevention\HcApi.dll
0x00007ffeaf2e0000 - 0x00007ffeaf339000 	C:\WINDOWS\System32\WINTRUST.dll
0x00007ffeaebd0000 - 0x00007ffeaebe2000 	C:\WINDOWS\System32\MSASN1.dll
0x00007ffeaeff0000 - 0x00007ffeaf1be000 	C:\WINDOWS\System32\CRYPT32.dll
0x0000000073780000 - 0x000000007378c000 	C:\Program Files\McAfee\Host Intrusion Prevention\HcThe.dll
0x00000000714a0000 - 0x0000000071572000 	C:\Data\Perforce\development\apps\jdk1.8.0_77_64Bit\jre\bin\msvcr100.dll
0x0000000070c10000 - 0x00000000714a0000 	C:\Data\Perforce\development\apps\jdk1.8.0_77_64Bit\jre\bin\server\jvm.dll
0x00007ffeb2230000 - 0x00007ffeb2238000 	C:\WINDOWS\System32\PSAPI.DLL
0x00007ffead7d0000 - 0x00007ffead7d9000 	C:\WINDOWS\SYSTEM32\WSOCK32.dll
0x00007ffeb0330000 - 0x00007ffeb039c000 	C:\WINDOWS\System32\WS2_32.dll
0x00007ffea5250000 - 0x00007ffea5273000 	C:\WINDOWS\SYSTEM32\WINMM.dll
0x00007ffea5990000 - 0x00007ffea599a000 	C:\WINDOWS\SYSTEM32\VERSION.dll
0x00007ffea5220000 - 0x00007ffea524a000 	C:\WINDOWS\SYSTEM32\WINMMBASE.dll
0x00007ffeaef80000 - 0x00007ffeaefca000 	C:\WINDOWS\System32\cfgmgr32.dll
0x0000000070c00000 - 0x0000000070c0f000 	C:\Data\Perforce\development\apps\jdk1.8.0_77_64Bit\jre\bin\verify.dll
0x0000000070bd0000 - 0x0000000070bf9000 	C:\Data\Perforce\development\apps\jdk1.8.0_77_64Bit\jre\bin\java.dll
0x0000000070bb0000 - 0x0000000070bc6000 	C:\Data\Perforce\development\apps\jdk1.8.0_77_64Bit\jre\bin\zip.dll
0x00007ffeb0dd0000 - 0x00007ffeb220d000 	C:\WINDOWS\System32\SHELL32.dll
0x00007ffeafe90000 - 0x00007ffeaff36000 	C:\WINDOWS\System32\shcore.dll
0x00007ffeaf340000 - 0x00007ffeafa8a000 	C:\WINDOWS\System32\windows.storage.dll
0x00007ffeafd00000 - 0x00007ffeafd51000 	C:\WINDOWS\System32\shlwapi.dll
0x00007ffeaebf0000 - 0x00007ffeaec01000 	C:\WINDOWS\System32\kernel.appcore.dll
0x00007ffeaeb80000 - 0x00007ffeaebcc000 	C:\WINDOWS\System32\powrprof.dll
0x00007ffeaec10000 - 0x00007ffeaec2b000 	C:\WINDOWS\System32\profapi.dll
0x00007ffeae5e0000 - 0x00007ffeae5f7000 	C:\WINDOWS\SYSTEM32\CRYPTSP.dll
0x00007ffeadfd0000 - 0x00007ffeae003000 	C:\WINDOWS\system32\rsaenh.dll
0x00007ffeae6e0000 - 0x00007ffeae705000 	C:\WINDOWS\SYSTEM32\bcrypt.dll
0x00007ffeaeab0000 - 0x00007ffeaead9000 	C:\WINDOWS\SYSTEM32\USERENV.dll
0x00007ffeae5d0000 - 0x00007ffeae5db000 	C:\WINDOWS\SYSTEM32\CRYPTBASE.dll
0x0000000070b90000 - 0x0000000070baa000 	C:\Data\Perforce\development\apps\jdk1.8.0_77_64Bit\jre\bin\net.dll
0x00007ffeae410000 - 0x00007ffeae476000 	C:\WINDOWS\system32\mswsock.dll
0x00007ffeae160000 - 0x00007ffeae199000 	C:\WINDOWS\SYSTEM32\IPHLPAPI.DLL
0x00007ffeb2240000 - 0x00007ffeb2248000 	C:\WINDOWS\System32\NSI.dll
0x00007ffeaab90000 - 0x00007ffeaaba6000 	C:\WINDOWS\SYSTEM32\dhcpcsvc6.DLL
0x00007ffeaaa50000 - 0x00007ffeaaa6a000 	C:\WINDOWS\SYSTEM32\dhcpcsvc.DLL
0x0000000070b70000 - 0x0000000070b81000 	C:\Data\Perforce\development\apps\jdk1.8.0_77_64Bit\jre\bin\nio.dll
0x0000000004780000 - 0x000000000479f000 	C:\Users\q0hecmbm\AppData\Local\Temp\1\jffi1020190700895880564.tmp
0x0000000070860000 - 0x00000000709f8000 	C:\Data\Perforce\development\apps\jdk1.8.0_77_64Bit\jre\bin\awt.dll
0x00007ffeb0bf0000 - 0x00007ffeb0cb4000 	C:\WINDOWS\System32\OLEAUT32.dll
0x00007ffeab8e0000 - 0x00007ffeab968000 	C:\WINDOWS\SYSTEM32\apphelp.dll
0x000000002f540000 - 0x0000000030092000 	C:\Data\Perforce\development\apps\jdk1.8.0_77_64Bit\bin\javaHeclib.dll
0x00007ffeb2210000 - 0x00007ffeb222d000 	C:\WINDOWS\System32\imagehlp.dll
0x00007ffead5e0000 - 0x00007ffead7a8000 	C:\WINDOWS\SYSTEM32\dbghelp.dll

VM Arguments:
jvm_args: -Dpython.path=C:\Programs\eclipse\eclipse\plugins\org.python.pydev.core_7.2.1.201904261721\pysrc\pydev_sitecustomize;C:\Programs\eclipse\workspace\SnowMelt;C:\Users\q0hecmbm\Desktop\Working\_CWMS\CWMS-v3.1.1.1\common\jar\admin.jar;C:\Users\q0hecmbm\Desktop\Working\_CWMS\CWMS-v3.1.1.1\common\jar\callbackServices.jar;C:\Users\q0hecmbm\Desktop\Working\_CWMS\CWMS-v3.1.1.1\common\jar\cavi.jar;C:\Users\q0hecmbm\Desktop\Working\_CWMS\CWMS-v3.1.1.1\common\jar\coop.jar;C:\Users\q0hecmbm\Desktop\Working\_CWMS\CWMS-v3.1.1.1\common\jar\cwmsDbAspects-3.0.7.jar;C:\Users\q0hecmbm\Desktop\Working\_CWMS\CWMS-v3.1.1.1\common\jar\cwmsDbDao-3.0.7.jar;C:\Users\q0hecmbm\Desktop\Working\_CWMS\CWMS-v3.1.1.1\common\jar\cwmsDbJdbc-3.0.7.jar;C:\Users\q0hecmbm\Desktop\Working\_CWMS\CWMS-v3.1.1.1\common\jar\cwmsvueregibridge.jar;C:\Users\q0hecmbm\Desktop\Working\_CWMS\CWMS-v3.1.1.1\common\jar\dataAcq.jar;C:\Users\q0hecmbm\Desktop\Working\_CWMS\CWMS-v3.1.1.1\common\jar\dataexchange.jar;C:\Users\q0hecmbm\Desktop\Working\_CWMS\CWMS-v3.1.1.1\common\jar\dataExchangeEngine.jar;C:\Users\q0hecmbm\Desktop\Working\_CWMS\CWMS-v3.1.1.1\common\jar\dataExchangeFactories.jar;C:\Users\q0hecmbm\Desktop\Working\_CWMS\CWMS-v3.1.1.1\common\jar\dataExchangeServices.jar;C:\Users\q0hecmbm\Desktop\Working\_CWMS\CWMS-v3.1.1.1\common\jar\dataExchangeUi.jar;C:\Users\q0hecmbm\Desktop\Working\_CWMS\CWMS-v3.1.1.1\common\jar\dataExchangeXml.jar;C:\Users\q0hecmbm\Desktop\Working\_CWMS\CWMS-v3.1.1.1\common\jar\dbi.jar;C:\Users\q0hecmbm\Desktop\Working\_CWMS\CWMS-v3.1.1.1\common\jar\decode.jar;C:\Users\q0hecmbm\Desktop\Working\_CWMS\CWMS-v3.1.1.1\common\jar\dspm.jar;C:\Users\q0hecmbm\Desktop\Working\_CWMS\CWMS-v3.1.1.1\common\jar\dssguiPlugins.jar;C:\Users\q0hecmbm\Desktop\Working\_CWMS\CWMS-v3.1.1.1\common\jar\environment.jar;C:\Users\q0hecmbm\Desktop\Working\_CWMS\CWMS-v3.1.1.1\common\jar\fileHunter.jar;C:\Users\q0hecmbm\Desktop\Working\_CWMS\CWMS-v3.1.1.1\common\jar\geotools-crs-1.0.jar;C:\Users\q0hecmbm\Desktop\Working\_CW
java_command: org.python.util.jython C:\Programs\eclipse\workspace\SnowMelt\UI.py
java_class_path (initial): C:/jython2.7.0/jython.jar;C:\Programs\eclipse\eclipse\plugins\org.python.pydev.core_7.2.1.201904261721\pysrc\pydev_sitecustomize;C:\Programs\eclipse\workspace\SnowMelt;C:\Users\q0hecmbm\Desktop\Working\_CWMS\CWMS-v3.1.1.1\common\jar\admin.jar;C:\Users\q0hecmbm\Desktop\Working\_CWMS\CWMS-v3.1.1.1\common\jar\callbackServices.jar;C:\Users\q0hecmbm\Desktop\Working\_CWMS\CWMS-v3.1.1.1\common\jar\cavi.jar;C:\Users\q0hecmbm\Desktop\Working\_CWMS\CWMS-v3.1.1.1\common\jar\coop.jar;C:\Users\q0hecmbm\Desktop\Working\_CWMS\CWMS-v3.1.1.1\common\jar\cwmsDbAspects-3.0.7.jar;C:\Users\q0hecmbm\Desktop\Working\_CWMS\CWMS-v3.1.1.1\common\jar\cwmsDbDao-3.0.7.jar;C:\Users\q0hecmbm\Desktop\Working\_CWMS\CWMS-v3.1.1.1\common\jar\cwmsDbJdbc-3.0.7.jar;C:\Users\q0hecmbm\Desktop\Working\_CWMS\CWMS-v3.1.1.1\common\jar\cwmsvueregibridge.jar;C:\Users\q0hecmbm\Desktop\Working\_CWMS\CWMS-v3.1.1.1\common\jar\dataAcq.jar;C:\Users\q0hecmbm\Desktop\Working\_CWMS\CWMS-v3.1.1.1\common\jar\dataexchange.jar;C:\Users\q0hecmbm\Desktop\Working\_CWMS\CWMS-v3.1.1.1\common\jar\dataExchangeEngine.jar;C:\Users\q0hecmbm\Desktop\Working\_CWMS\CWMS-v3.1.1.1\common\jar\dataExchangeFactories.jar;C:\Users\q0hecmbm\Desktop\Working\_CWMS\CWMS-v3.1.1.1\common\jar\dataExchangeServices.jar;C:\Users\q0hecmbm\Desktop\Working\_CWMS\CWMS-v3.1.1.1\common\jar\dataExchangeUi.jar;C:\Users\q0hecmbm\Desktop\Working\_CWMS\CWMS-v3.1.1.1\common\jar\dataExchangeXml.jar;C:\Users\q0hecmbm\Desktop\Working\_CWMS\CWMS-v3.1.1.1\common\jar\dbi.jar;C:\Users\q0hecmbm\Desktop\Working\_CWMS\CWMS-v3.1.1.1\common\jar\decode.jar;C:\Users\q0hecmbm\Desktop\Working\_CWMS\CWMS-v3.1.1.1\common\jar\dspm.jar;C:\Users\q0hecmbm\Desktop\Working\_CWMS\CWMS-v3.1.1.1\common\jar\dssguiPlugins.jar;C:\Users\q0hecmbm\Desktop\Working\_CWMS\CWMS-v3.1.1.1\common\jar\environment.jar;C:\Users\q0hecmbm\Desktop\Working\_CWMS\CWMS-v3.1.1.1\common\jar\fileHunter.jar;C:\Users\q0hecmbm\Desktop\Working\_CWMS\CWMS-v3.1.1.1\common\jar\geotools-crs-1.0.j
Launcher Type: SUN_STANDARD

Environment Variables:
JAVA_HOME=C:\Programs\Java\jdk18x64
PATH=C:/Programs/eclipse/eclipse/jre/bin/../jre/bin/client;C:/Programs/eclipse/eclipse/jre/bin/../jre/bin;C:/Programs/eclipse/eclipse/jre/bin/../jre/lib/i386;C:\Program Files\avs\bin;C:\Program Files\avs\bin32;C:\Program Files (x86)\Intel\iCLS Client\;C:\Program Files\Intel\iCLS Client\;C:\WINDOWS\system32;C:\WINDOWS;C:\WINDOWS\System32\Wbem;C:\WINDOWS\System32\WindowsPowerShell\v1.0\;C:\Program Files (x86)\Enterprise Vault\EVClient\;C:\Program Files\Tumbleweed\Desktop Validator\;C:\Program Files\Tumbleweed\Desktop Validator\x86;C:\Program Files (x86)\HID Global\ActivClient\;C:\Program Files\HID Global\ActivClient\;C:\Program Files\Perforce;C:\Program Files (x86)\ArcGIS\Bin;C:\Program Files (x86)\Intel\Intel(R) Management Engine Components\DAL;C:\Program Files\Intel\Intel(R) Management Engine Components\DAL;C:\Program Files (x86)\Intel\Intel(R) Management Engine Components\IPT;C:\Program Files\Intel\Intel(R) Management Engine Components\IPT;C:\Program Files\Intel\WiFi\bin\;C:\Program Files\Common Files\Intel\WirelessCommon\;C:\WINDOWS\system32;C:\WINDOWS;C:\WINDOWS\System32\Wbem;C:\WINDOWS\System32\WindowsPowerShell\v1.0\;C:\WINDOWS\system32\config\systemprofile\AppData\Local\Microsoft\WindowsApps;c:\program files (x86)\adaptiva\AdaptivaClient\bin\x32;c:\program files (x86)\adaptiva\AdaptivaClient\bin\x64;C:\Python27;C:\jython2.7.0\bin;C:\Pyton27\Scripts;C:\Users\q0hecmbm\AppData\Local\Microsoft\WindowsApps;C:\Node;C:\Users\q0hecmbm\AppData\Local\Packages;C:\Programs\Java\jdk18x64;C:\Programs\Java\jdk18x64\bin;;C:\Programs\eclipse\eclipse;
USERNAME=q0hecmbm
OS=Windows_NT
PROCESSOR_IDENTIFIER=Intel64 Family 6 Model 94 Stepping 3, GenuineIntel



---------------  S Y S T E M  ---------------

OS: Windows 10.0 , 64 bit Build 16299 (10.0.16299.1146)

CPU:total 8 (4 cores per cpu, 2 threads per core) family 6 model 94 stepping 3, cmov, cx8, fxsr, mmx, sse, sse2, sse3, ssse3, sse4.1, sse4.2, popcnt, avx, avx2, aes, clmul, erms, rtm, 3dnowpref, lzcnt, ht, tsc, tscinvbit, bmi1, bmi2, adx

Memory: 4k page, physical 33484004k(19293040k free), swap 39251172k(14940528k free)

vm_info: Java HotSpot(TM) 64-Bit Server VM (25.77-b03) for windows-amd64 JRE (1.8.0_77-b03), built on Mar 20 2016 22:01:33 by "java_re" with MS VC++ 10.0 (VS2010)

time: Wed Dec 04 12:27:59 2019
elapsed time: 5 seconds (0d 0h 0m 5s)

