#
# A fatal error has been detected by the Java Runtime Environment:
#
#  EXCEPTION_ACCESS_VIOLATION (0xc0000005) at pc=0x000000002f7cd7ec, pid=26460, tid=1780
#
# JRE version: Java(TM) SE Runtime Environment (8.0_77-b03) (build 1.8.0_77-b03)
# Java VM: Java HotSpot(TM) 64-Bit Server VM (25.77-b03 mixed mode windows-amd64 compressed oops)
# Problematic frame:
# C  [javaHeclib.dll+0x1dd7ec]
#
# Failed to write core dump. Minidumps are not enabled by default on client versions of Windows
#
# If you would like to submit a bug report, please visit:
#   http://bugreport.java.com/bugreport/crash.jsp
# The crash happened outside the Java Virtual Machine in native code.
# See problematic frame for where to report the bug.
#

---------------  T H R E A D  ---------------

Current thread (0x0000000004982000):  JavaThread "main" [_thread_in_native, id=1780, stack(0x0000000004a60000,0x0000000004b60000)]

siginfo: ExceptionCode=0xc0000005, reading address 0x000000002de47060

Registers:
RAX=0x0000000000000044, RBX=0x000000002f3fa928, RCX=0x000000002de46e40, RDX=0x0000000000000000
RSP=0x0000000004b5d6c0, RBP=0x0000000004b5daa8, RSI=0x0000000010000031, RDI=0x0000000004b5d7f0
R8 =0x7efefefefefefeff, R9 =0x7efefeff72716475, R10=0xfefefefefefefeff, R11=0x8101010101010100
R12=0x0000000000000000, R13=0x000000002f3fa928, R14=0x0000000004b5dae0, R15=0x0000000004982000
RIP=0x000000002f7cd7ec, EFLAGS=0x0000000000010206

Top of Stack: (sp=0x0000000004b5d6c0)
0x0000000004b5d6c0:   0000000000000073 cccccccccccccccc
0x0000000004b5d6d0:   cccccccccccccccc cccccccccccccccc
0x0000000004b5d6e0:   cccccccccccccccc cccccccccccccccc
0x0000000004b5d6f0:   cccccccc00000004 cccccccccccccccc
0x0000000004b5d700:   73726576cccccccc cccccccccccccc00
0x0000000004b5d710:   cccccccccccccccc cccccccccccccccc
0x0000000004b5d720:   cccccccccccccccc cccccccccccccccc
0x0000000004b5d730:   cccccccccccccccc cccccccccccccccc
0x0000000004b5d740:   cccccccccccccccc cccccccccccccccc
0x0000000004b5d750:   cccccccccccccccc cccccccccccccccc
0x0000000004b5d760:   cccccccccccccccc cccccccccccccccc
0x0000000004b5d770:   cccccccc00000004 cccccccccccccccc
0x0000000004b5d780:   cccccccccccccccc cccccccccccccccc
0x0000000004b5d790:   cccccccccccccccc cccccccccccccccc
0x0000000004b5d7a0:   00000000cccccccc cccccccccccccccc
0x0000000004b5d7b0:   cccccccccccccccc cccccccccccccccc 

Instructions: (pc=0x000000002f7cd7ec)
0x000000002f7cd7cc:   00 48 6b c0 00 48 8b 8c 24 50 01 00 00 c6 04 01
0x000000002f7cd7dc:   00 48 63 05 34 e5 67 00 48 8b 8c 24 40 01 00 00
0x000000002f7cd7ec:   48 8b 04 c1 48 89 84 24 a8 00 00 00 41 b8 05 00
0x000000002f7cd7fc:   00 00 ba 0e 00 00 00 48 8b 8c 24 40 01 00 00 e8 


Register to memory mapping:

RAX=0x0000000000000044 is an unknown value
RBX={method} {0x000000002f3fa930} 'Hec_zinqir' '([ILjava/lang/String;Lhec/heclib/util/stringContainer;[I)V' in 'hec/heclib/util/Heclib'
RCX=0x000000002de46e40 is an unknown value
RDX=0x0000000000000000 is an unknown value
RSP=0x0000000004b5d6c0 is pointing into the stack for thread: 0x0000000004982000
RBP=0x0000000004b5daa8 is pointing into the stack for thread: 0x0000000004982000
RSI=0x0000000010000031 is an unknown value
RDI=0x0000000004b5d7f0 is pointing into the stack for thread: 0x0000000004982000
R8 =0x7efefefefefefeff is an unknown value
R9 =0x7efefeff72716475 is an unknown value
R10=0xfefefefefefefeff is an unknown value
R11=0x8101010101010100 is an unknown value
R12=0x0000000000000000 is an unknown value
R13={method} {0x000000002f3fa930} 'Hec_zinqir' '([ILjava/lang/String;Lhec/heclib/util/stringContainer;[I)V' in 'hec/heclib/util/Heclib'
R14=0x0000000004b5dae0 is pointing into the stack for thread: 0x0000000004982000
R15=0x0000000004982000 is a thread


Stack: [0x0000000004a60000,0x0000000004b60000],  sp=0x0000000004b5d6c0,  free space=1013k
Native frames: (J=compiled Java code, j=interpreted, Vv=VM code, C=native code)
C  [javaHeclib.dll+0x1dd7ec]
C  [javaHeclib.dll+0x1a7a5f]
C  0x0000000004b96937

Java frames: (J=compiled Java code, j=interpreted, Vv=VM code)
j  hec.heclib.util.Heclib.Hec_zinqir([ILjava/lang/String;Lhec/heclib/util/stringContainer;[I)V+0
j  hec.heclib.util.Heclib.getLibraryMajorVersion()I+34
j  hec.heclib.util.Heclib.<clinit>()V+21
v  ~StubRoutines::call_stub
j  hec.heclib.dss.HecDSSFileAccess.zset(Ljava/lang/String;Ljava/lang/String;I)V+3
j  hec.heclib.dss.HecDSSFileAccess.catchSevereErrors()V+5
j  hec.heclib.dss.HecDss.open(Ljava/lang/String;ZZI)Lhec/heclib/dss/HecDss;+0
j  hec.heclib.dss.HecDss.open(Ljava/lang/String;Z)Lhec/heclib/dss/HecDss;+8
j  hec.heclib.dss.HecDss.open(Ljava/lang/String;)Lhec/heclib/dss/HecDss;+2
v  ~StubRoutines::call_stub
j  sun.reflect.NativeMethodAccessorImpl.invoke0(Ljava/lang/reflect/Method;Ljava/lang/Object;[Ljava/lang/Object;)Ljava/lang/Object;+0
j  sun.reflect.NativeMethodAccessorImpl.invoke(Ljava/lang/Object;[Ljava/lang/Object;)Ljava/lang/Object;+100
j  sun.reflect.DelegatingMethodAccessorImpl.invoke(Ljava/lang/Object;[Ljava/lang/Object;)Ljava/lang/Object;+6
j  java.lang.reflect.Method.invoke(Ljava/lang/Object;[Ljava/lang/Object;)Ljava/lang/Object;+56
j  org.python.core.PyReflectedFunction.__call__(Lorg/python/core/PyObject;[Lorg/python/core/PyObject;[Ljava/lang/String;)Lorg/python/core/PyObject;+217
j  org.python.core.PyReflectedFunction.__call__([Lorg/python/core/PyObject;[Ljava/lang/String;)Lorg/python/core/PyObject;+43
J 1293 C1 org.python.core.PyObject.__call__(Lorg/python/core/PyObject;)Lorg/python/core/PyObject; (16 bytes) @ 0x0000000005033834 [0x0000000005033580+0x2b4]
J 1643 C1 org.python.core.PyObject.__call__(Lorg/python/core/ThreadState;Lorg/python/core/PyObject;)Lorg/python/core/PyObject; (6 bytes) @ 0x00000000051621c4 [0x00000000051620c0+0x104]
j  org.python.pycode._pyx0.f$0(Lorg/python/core/PyFrame;Lorg/python/core/ThreadState;)Lorg/python/core/PyObject;+63
j  org.python.pycode._pyx0.call_function(ILorg/python/core/PyFrame;Lorg/python/core/ThreadState;)Lorg/python/core/PyObject;+32
J 1713 C1 org.python.core.PyTableCode.call(Lorg/python/core/ThreadState;Lorg/python/core/PyFrame;Lorg/python/core/PyObject;)Lorg/python/core/PyObject; (320 bytes) @ 0x00000000051a39d4 [0x00000000051a33a0+0x634]
j  org.python.core.PyCode.call(Lorg/python/core/ThreadState;Lorg/python/core/PyFrame;)Lorg/python/core/PyObject;+4
j  org.python.core.Py.runCode(Lorg/python/core/PyCode;Lorg/python/core/PyObject;Lorg/python/core/PyObject;)Lorg/python/core/PyObject;+154
j  org.python.util.PythonInterpreter.execfile(Ljava/io/InputStream;Ljava/lang/String;)V+21
j  org.python.util.jython.run([Ljava/lang/String;)V+780
j  org.python.util.jython.main([Ljava/lang/String;)V+5
v  ~StubRoutines::call_stub

---------------  P R O C E S S  ---------------

Java Threads: ( => current thread )
  0x0000000029075000 JavaThread "Service Thread" daemon [_thread_blocked, id=32700, stack(0x000000002bb40000,0x000000002bc40000)]
  0x0000000028fe4800 JavaThread "C1 CompilerThread3" daemon [_thread_blocked, id=4152, stack(0x000000002ba40000,0x000000002bb40000)]
  0x0000000028fdf000 JavaThread "C2 CompilerThread2" daemon [_thread_blocked, id=20092, stack(0x000000002b940000,0x000000002ba40000)]
  0x0000000028fdc000 JavaThread "C2 CompilerThread1" daemon [_thread_blocked, id=36444, stack(0x000000002b840000,0x000000002b940000)]
  0x0000000028fc8800 JavaThread "C2 CompilerThread0" daemon [_thread_blocked, id=36612, stack(0x000000002b740000,0x000000002b840000)]
  0x0000000028fc7000 JavaThread "Attach Listener" daemon [_thread_blocked, id=2288, stack(0x000000002b640000,0x000000002b740000)]
  0x0000000028fc6800 JavaThread "Signal Dispatcher" daemon [_thread_blocked, id=21888, stack(0x000000002b540000,0x000000002b640000)]
  0x0000000028fb2800 JavaThread "Finalizer" daemon [_thread_blocked, id=5796, stack(0x0000000029f00000,0x000000002a000000)]
  0x0000000027bf6000 JavaThread "Reference Handler" daemon [_thread_blocked, id=12608, stack(0x0000000029e00000,0x0000000029f00000)]
=>0x0000000004982000 JavaThread "main" [_thread_in_native, id=1780, stack(0x0000000004a60000,0x0000000004b60000)]

Other Threads:
  0x0000000027bed800 VMThread [stack: 0x0000000029d00000,0x0000000029e00000] [id=36964]
  0x000000002912d800 WatcherThread [stack: 0x000000002bc40000,0x000000002bd40000] [id=34124]

VM state:not at safepoint (normal execution)

VM Mutex/Monitor currently owned by a thread: None

Heap:
 PSYoungGen      total 284672K, used 13878K [0x0000000715b00000, 0x0000000738700000, 0x00000007c0000000)
  eden space 263168K, 5% used [0x0000000715b00000,0x000000071688da80,0x0000000725c00000)
  from space 21504K, 0% used [0x0000000725c00000,0x0000000725c00000,0x0000000727100000)
  to   space 21504K, 0% used [0x0000000737200000,0x0000000737200000,0x0000000738700000)
 ParOldGen       total 365568K, used 116238K [0x00000005c1000000, 0x00000005d7500000, 0x0000000715b00000)
  object space 365568K, 31% used [0x00000005c1000000,0x00000005c8183970,0x00000005d7500000)
 Metaspace       used 22442K, capacity 23336K, committed 23600K, reserved 1069056K
  class space    used 4772K, capacity 4844K, committed 4912K, reserved 1048576K

Card table byte_map: [0x0000000013f40000,0x0000000014f40000] byte_map_base: 0x0000000011138000

Marking Bits: (ParMarkBitMap*) 0x00000000639c0600
 Begin Bits: [0x00000000161f0000, 0x000000001e1b0000)
 End Bits:   [0x000000001e1b0000, 0x0000000026170000)

Polling page: 0x00000000046f0000

CodeCache: size=245760Kb used=7644Kb max_used=7644Kb free=238115Kb
 bounds [0x0000000004b80000, 0x0000000005300000, 0x0000000013b80000]
 total_blobs=2553 nmethods=2068 adapters=397
 compilation: enabled

Compilation events (10 events):
Event: 4.210 Thread 0x0000000028fe4800 nmethod 2065 0x00000000052e9e50 code [0x00000000052e9fc0, 0x00000000052ea148]
Event: 4.211 Thread 0x0000000028fe4800 2064       3       org.python.objectweb.asm.Frame::a (306 bytes)
Event: 4.211 Thread 0x0000000028fdc000 nmethod 2062 0x00000000052e98d0 code [0x00000000052e9a60, 0x00000000052e9c58]
Event: 4.211 Thread 0x0000000028fe4800 nmethod 2064 0x00000000052f8650 code [0x00000000052f8840, 0x00000000052f9208]
Event: 4.244 Thread 0x0000000028fe4800 2066       1       org.python.core.PySystemState::getSyspathJavaLoader (5 bytes)
Event: 4.244 Thread 0x0000000028fe4800 nmethod 2066 0x00000000052e9590 code [0x00000000052e96e0, 0x00000000052e97f0]
Event: 4.245 Thread 0x0000000028fe4800 2067       1       java.lang.StringCoding$StringDecoder::requestedCharsetName (5 bytes)
Event: 4.245 Thread 0x0000000028fe4800 nmethod 2067 0x00000000052f8390 code [0x00000000052f84e0, 0x00000000052f85f0]
Event: 4.259 Thread 0x0000000028fe4800 2068   !   3       java.util.Collections$SynchronizedCollection::add (25 bytes)
Event: 4.260 Thread 0x0000000028fe4800 nmethod 2068 0x00000000052f7d10 code [0x00000000052f7e80, 0x00000000052f8248]

GC Heap History (8 events):
Event: 1.745 GC heap before
{Heap before GC invocations=1 (full 0):
 PSYoungGen      total 153088K, used 131584K [0x0000000715b00000, 0x0000000720580000, 0x00000007c0000000)
  eden space 131584K, 100% used [0x0000000715b00000,0x000000071db80000,0x000000071db80000)
  from space 21504K, 0% used [0x000000071f080000,0x000000071f080000,0x0000000720580000)
  to   space 21504K, 0% used [0x000000071db80000,0x000000071db80000,0x000000071f080000)
 ParOldGen       total 349696K, used 0K [0x00000005c1000000, 0x00000005d6580000, 0x0000000715b00000)
  object space 349696K, 0% used [0x00000005c1000000,0x00000005c1000000,0x00000005d6580000)
 Metaspace       used 14659K, capacity 14788K, committed 15104K, reserved 1060864K
  class space    used 3203K, capacity 3250K, committed 3328K, reserved 1048576K
Event: 1.768 GC heap after
Heap after GC invocations=1 (full 0):
 PSYoungGen      total 153088K, used 21490K [0x0000000715b00000, 0x0000000728600000, 0x00000007c0000000)
  eden space 131584K, 0% used [0x0000000715b00000,0x0000000715b00000,0x000000071db80000)
  from space 21504K, 99% used [0x000000071db80000,0x000000071f07c9d8,0x000000071f080000)
  to   space 21504K, 0% used [0x0000000727100000,0x0000000727100000,0x0000000728600000)
 ParOldGen       total 349696K, used 22425K [0x00000005c1000000, 0x00000005d6580000, 0x0000000715b00000)
  object space 349696K, 6% used [0x00000005c1000000,0x00000005c25e6760,0x00000005d6580000)
 Metaspace       used 14659K, capacity 14788K, committed 15104K, reserved 1060864K
  class space    used 3203K, capacity 3250K, committed 3328K, reserved 1048576K
}
Event: 2.126 GC heap before
{Heap before GC invocations=2 (full 0):
 PSYoungGen      total 153088K, used 153074K [0x0000000715b00000, 0x0000000728600000, 0x00000007c0000000)
  eden space 131584K, 100% used [0x0000000715b00000,0x000000071db80000,0x000000071db80000)
  from space 21504K, 99% used [0x000000071db80000,0x000000071f07c9d8,0x000000071f080000)
  to   space 21504K, 0% used [0x0000000727100000,0x0000000727100000,0x0000000728600000)
 ParOldGen       total 349696K, used 22425K [0x00000005c1000000, 0x00000005d6580000, 0x0000000715b00000)
  object space 349696K, 6% used [0x00000005c1000000,0x00000005c25e6760,0x00000005d6580000)
 Metaspace       used 15913K, capacity 16122K, committed 16256K, reserved 1062912K
  class space    used 3591K, capacity 3619K, committed 3712K, reserved 1048576K
Event: 2.160 GC heap after
Heap after GC invocations=2 (full 0):
 PSYoungGen      total 284672K, used 21475K [0x0000000715b00000, 0x0000000728600000, 0x00000007c0000000)
  eden space 263168K, 0% used [0x0000000715b00000,0x0000000715b00000,0x0000000725c00000)
  from space 21504K, 99% used [0x0000000727100000,0x00000007285f8de0,0x0000000728600000)
  to   space 21504K, 0% used [0x0000000725c00000,0x0000000725c00000,0x0000000727100000)
 ParOldGen       total 349696K, used 69361K [0x00000005c1000000, 0x00000005d6580000, 0x0000000715b00000)
  object space 349696K, 19% used [0x00000005c1000000,0x00000005c53bc548,0x00000005d6580000)
 Metaspace       used 15913K, capacity 16122K, committed 16256K, reserved 1062912K
  class space    used 3591K, capacity 3619K, committed 3712K, reserved 1048576K
}
Event: 3.925 GC heap before
{Heap before GC invocations=3 (full 0):
 PSYoungGen      total 284672K, used 221283K [0x0000000715b00000, 0x0000000728600000, 0x00000007c0000000)
  eden space 263168K, 75% used [0x0000000715b00000,0x0000000721e1ffd0,0x0000000725c00000)
  from space 21504K, 99% used [0x0000000727100000,0x00000007285f8de0,0x0000000728600000)
  to   space 21504K, 0% used [0x0000000725c00000,0x0000000725c00000,0x0000000727100000)
 ParOldGen       total 349696K, used 69361K [0x00000005c1000000, 0x00000005d6580000, 0x0000000715b00000)
  object space 349696K, 19% used [0x00000005c1000000,0x00000005c53bc548,0x00000005d6580000)
 Metaspace       used 20088K, capacity 21082K, committed 21296K, reserved 1067008K
  class space    used 4315K, capacity 4370K, committed 4400K, reserved 1048576K
Event: 3.956 GC heap after
Heap after GC invocations=3 (full 0):
 PSYoungGen      total 284672K, used 21474K [0x0000000715b00000, 0x0000000738700000, 0x00000007c0000000)
  eden space 263168K, 0% used [0x0000000715b00000,0x0000000715b00000,0x0000000725c00000)
  from space 21504K, 99% used [0x0000000725c00000,0x00000007270f89f8,0x0000000727100000)
  to   space 21504K, 0% used [0x0000000737200000,0x0000000737200000,0x0000000738700000)
 ParOldGen       total 349696K, used 102242K [0x00000005c1000000, 0x00000005d6580000, 0x0000000715b00000)
  object space 349696K, 29% used [0x00000005c1000000,0x00000005c73d8938,0x00000005d6580000)
 Metaspace       used 20088K, capacity 21082K, committed 21296K, reserved 1067008K
  class space    used 4315K, capacity 4370K, committed 4400K, reserved 1048576K
}
Event: 3.956 GC heap before
{Heap before GC invocations=4 (full 1):
 PSYoungGen      total 284672K, used 21474K [0x0000000715b00000, 0x0000000738700000, 0x00000007c0000000)
  eden space 263168K, 0% used [0x0000000715b00000,0x0000000715b00000,0x0000000725c00000)
  from space 21504K, 99% used [0x0000000725c00000,0x00000007270f89f8,0x0000000727100000)
  to   space 21504K, 0% used [0x0000000737200000,0x0000000737200000,0x0000000738700000)
 ParOldGen       total 349696K, used 102242K [0x00000005c1000000, 0x00000005d6580000, 0x0000000715b00000)
  object space 349696K, 29% used [0x00000005c1000000,0x00000005c73d8938,0x00000005d6580000)
 Metaspace       used 20088K, capacity 21082K, committed 21296K, reserved 1067008K
  class space    used 4315K, capacity 4370K, committed 4400K, reserved 1048576K
Event: 4.134 GC heap after
Heap after GC invocations=4 (full 1):
 PSYoungGen      total 284672K, used 0K [0x0000000715b00000, 0x0000000738700000, 0x00000007c0000000)
  eden space 263168K, 0% used [0x0000000715b00000,0x0000000715b00000,0x0000000725c00000)
  from space 21504K, 0% used [0x0000000725c00000,0x0000000725c00000,0x0000000727100000)
  to   space 21504K, 0% used [0x0000000737200000,0x0000000737200000,0x0000000738700000)
 ParOldGen       total 365568K, used 116238K [0x00000005c1000000, 0x00000005d7500000, 0x0000000715b00000)
  object space 365568K, 31% used [0x00000005c1000000,0x00000005c8183970,0x00000005d7500000)
 Metaspace       used 20028K, capacity 20922K, committed 21296K, reserved 1067008K
  class space    used 4313K, capacity 4362K, committed 4400K, reserved 1048576K
}

Deoptimization events (10 events):
Event: 3.457 Thread 0x0000000004982000 Uncommon trap: reason=class_check action=maybe_recompile pc=0x00000000051d1b38 method=org.python.core.PyString.coerce(Lorg/python/core/PyObject;)Ljava/lang/String; @ 1
Event: 3.457 Thread 0x0000000004982000 Uncommon trap: reason=bimorphic action=maybe_recompile pc=0x00000000051d63c4 method=org.python.core.PyObject._eq(Lorg/python/core/PyObject;)Lorg/python/core/PyObject; @ 131
Event: 3.457 Thread 0x0000000004982000 Uncommon trap: reason=class_check action=maybe_recompile pc=0x00000000051d1b38 method=org.python.core.PyString.coerce(Lorg/python/core/PyObject;)Ljava/lang/String; @ 1
Event: 3.486 Thread 0x0000000004982000 Uncommon trap: reason=class_check action=maybe_recompile pc=0x000000000516c2c4 method=org.python.core.PyType$MethodCache$MethodCacheEntry.get([Lorg/python/core/PyObject;)Lorg/python/core/PyObject; @ 13
Event: 3.486 Thread 0x0000000004982000 Uncommon trap: reason=class_check action=maybe_recompile pc=0x000000000516c2c4 method=org.python.core.PyType$MethodCache$MethodCacheEntry.get([Lorg/python/core/PyObject;)Lorg/python/core/PyObject; @ 13
Event: 3.486 Thread 0x0000000004982000 Uncommon trap: reason=class_check action=maybe_recompile pc=0x000000000516c2c4 method=org.python.core.PyType$MethodCache$MethodCacheEntry.get([Lorg/python/core/PyObject;)Lorg/python/core/PyObject; @ 13
Event: 3.496 Thread 0x0000000004982000 Uncommon trap: reason=unstable_if action=reinterpret pc=0x000000000522dd1c method=org.python.core.PyObject.equals(Ljava/lang/Object;)Z @ 2
Event: 3.885 Thread 0x0000000004982000 Uncommon trap: reason=unstable_if action=reinterpret pc=0x00000000052869a0 method=org.python.antlr.runtime.ANTLRStringStream.LA(I)I @ 38
Event: 4.189 Thread 0x0000000004982000 Uncommon trap: reason=unstable_if action=reinterpret pc=0x00000000052e4800 method=org.python.antlr.runtime.CommonTokenStream.LT(I)Lorg/python/antlr/runtime/Token; @ 46
Event: 4.189 Thread 0x0000000004982000 Uncommon trap: reason=unstable_if action=reinterpret pc=0x00000000052cdc74 method=org.python.antlr.runtime.CommonTokenStream.LT(I)Lorg/python/antlr/runtime/Token; @ 46

Internal exceptions (10 events):
Event: 3.788 Thread 0x0000000004982000 Exception <a 'java/io/FileNotFoundException'> (0x00000007214d9e40) thrown at [D:\re\workspace\8-2-build-windows-amd64-cygwin\jdk8u77\6540\hotspot\src\share\vm\prims\jni.cpp, line 709]
Event: 3.788 Thread 0x0000000004982000 Exception <a 'java/io/FileNotFoundException'> (0x00000007214dee58) thrown at [D:\re\workspace\8-2-build-windows-amd64-cygwin\jdk8u77\6540\hotspot\src\share\vm\prims\jni.cpp, line 709]
Event: 3.789 Thread 0x0000000004982000 Exception <a 'java/io/FileNotFoundException'> (0x00000007214e0bb0) thrown at [D:\re\workspace\8-2-build-windows-amd64-cygwin\jdk8u77\6540\hotspot\src\share\vm\prims\jni.cpp, line 709]
Event: 3.792 Thread 0x0000000004982000 Exception <a 'java/util/zip/ZipException'> (0x0000000721540558) thrown at [D:\re\workspace\8-2-build-windows-amd64-cygwin\jdk8u77\6540\hotspot\src\share\vm\prims\jni.cpp, line 709]
Event: 4.235 Thread 0x0000000004982000 Exception <a 'java/io/FileNotFoundException'> (0x000000071652e6f8) thrown at [D:\re\workspace\8-2-build-windows-amd64-cygwin\jdk8u77\6540\hotspot\src\share\vm\prims\jni.cpp, line 709]
Event: 4.235 Thread 0x0000000004982000 Exception <a 'java/io/FileNotFoundException'> (0x000000071652fc28) thrown at [D:\re\workspace\8-2-build-windows-amd64-cygwin\jdk8u77\6540\hotspot\src\share\vm\prims\jni.cpp, line 709]
Event: 4.235 Thread 0x0000000004982000 Exception <a 'java/io/FileNotFoundException'> (0x00000007165550d0) thrown at [D:\re\workspace\8-2-build-windows-amd64-cygwin\jdk8u77\6540\hotspot\src\share\vm\prims\jni.cpp, line 709]
Event: 4.236 Thread 0x0000000004982000 Exception <a 'java/io/FileNotFoundException'> (0x0000000716556530) thrown at [D:\re\workspace\8-2-build-windows-amd64-cygwin\jdk8u77\6540\hotspot\src\share\vm\prims\jni.cpp, line 709]
Event: 4.236 Thread 0x0000000004982000 Exception <a 'java/io/FileNotFoundException'> (0x000000071655c100) thrown at [D:\re\workspace\8-2-build-windows-amd64-cygwin\jdk8u77\6540\hotspot\src\share\vm\prims\jni.cpp, line 709]
Event: 4.236 Thread 0x0000000004982000 Exception <a 'java/io/FileNotFoundException'> (0x000000071655dd88) thrown at [D:\re\workspace\8-2-build-windows-amd64-cygwin\jdk8u77\6540\hotspot\src\share\vm\prims\jni.cpp, line 709]

Events (10 events):
Event: 4.269 Executing VM operation: EnableBiasedLocking
Event: 4.270 Executing VM operation: EnableBiasedLocking done
Event: 4.270 loading class hec/heclib/dss/HecDSSFileAccess
Event: 4.270 loading class hec/heclib/dss/HecDSSFileAccess done
Event: 4.271 loading class hec/heclib/util/Heclib
Event: 4.271 loading class hec/heclib/util/Heclib done
Event: 4.273 loading class java/lang/ClassLoaderHelper
Event: 4.273 loading class java/lang/ClassLoaderHelper done
Event: 4.287 loading class hec/heclib/util/stringContainer
Event: 4.287 loading class hec/heclib/util/stringContainer done


Dynamic libraries:
0x00007ff7d8a50000 - 0x00007ff7d8a87000 	C:\Data\Perforce\development\apps\jdk1.8.0_77_64Bit\bin\javaw.exe
0x00007ff8d8f80000 - 0x00007ff8d9160000 	C:\WINDOWS\SYSTEM32\ntdll.dll
0x00007ff89c390000 - 0x00007ff89c400000 	C:\WINDOWS\System32\verifier.dll
0x00007ff89c2a0000 - 0x00007ff89c383000 	C:\WINDOWS\SYSTEM32\PayloadRestrictions.dll
0x00007ff8d5c00000 - 0x00007ff8d5cf4000 	C:\WINDOWS\System32\ucrtbase.dll
0x00007ff8d5f20000 - 0x00007ff8d6186000 	C:\WINDOWS\System32\kernelbase.dll
0x00007ff8d6c20000 - 0x00007ff8d6cce000 	C:\WINDOWS\System32\kernel32.dll
0x00007ff8d7820000 - 0x00007ff8d78c1000 	C:\WINDOWS\System32\ADVAPI32.dll
0x00007ff8d64b0000 - 0x00007ff8d654d000 	C:\WINDOWS\System32\msvcrt.dll
0x00007ff8d6b00000 - 0x00007ff8d6b5b000 	C:\WINDOWS\System32\sechost.dll
0x00007ff8d7230000 - 0x00007ff8d734f000 	C:\WINDOWS\System32\RPCRT4.dll
0x00007ff8d7360000 - 0x00007ff8d74ef000 	C:\WINDOWS\System32\USER32.dll
0x00007ff8d6330000 - 0x00007ff8d6350000 	C:\WINDOWS\System32\win32u.dll
0x00007ff8d6970000 - 0x00007ff8d6998000 	C:\WINDOWS\System32\GDI32.dll
0x00007ff8d6190000 - 0x00007ff8d6323000 	C:\WINDOWS\System32\gdi32full.dll
0x00007ff8d6350000 - 0x00007ff8d63eb000 	C:\WINDOWS\System32\msvcp_win.dll
0x00007ff8c62e0000 - 0x00007ff8c6549000 	C:\WINDOWS\WinSxS\amd64_microsoft.windows.common-controls_6595b64144ccf1df_6.0.16299.1448_none_0f8c5c365a693f40\COMCTL32.dll
0x00007ff8d6630000 - 0x00007ff8d6936000 	C:\WINDOWS\System32\combase.dll
0x00007ff8d5b80000 - 0x00007ff8d5bf8000 	C:\WINDOWS\System32\bcryptPrimitives.dll
0x00007ff8d6940000 - 0x00007ff8d696d000 	C:\WINDOWS\System32\IMM32.DLL
0x00007ff8b6330000 - 0x00007ff8b63dc000 	C:\Program Files\McAfee\Host Intrusion Prevention\HcApi.dll
0x00007ff8d63f0000 - 0x00007ff8d6449000 	C:\WINDOWS\System32\WINTRUST.dll
0x00007ff8d5360000 - 0x00007ff8d5372000 	C:\WINDOWS\System32\MSASN1.dll
0x00007ff8d5d00000 - 0x00007ff8d5ece000 	C:\WINDOWS\System32\CRYPT32.dll
0x0000000066c70000 - 0x0000000066c7c000 	C:\Program Files\McAfee\Host Intrusion Prevention\HcThe.dll
0x0000000063a40000 - 0x0000000063b12000 	C:\Data\Perforce\development\apps\jdk1.8.0_77_64Bit\jre\bin\msvcr100.dll
0x00000000631b0000 - 0x0000000063a40000 	C:\Data\Perforce\development\apps\jdk1.8.0_77_64Bit\jre\bin\server\jvm.dll
0x00007ff8d7350000 - 0x00007ff8d7358000 	C:\WINDOWS\System32\PSAPI.DLL
0x00007ff8d3f10000 - 0x00007ff8d3f19000 	C:\WINDOWS\SYSTEM32\WSOCK32.dll
0x00007ff8d6cd0000 - 0x00007ff8d6d3c000 	C:\WINDOWS\System32\WS2_32.dll
0x00007ff8cef50000 - 0x00007ff8cef73000 	C:\WINDOWS\SYSTEM32\WINMM.dll
0x00007ff8cb9f0000 - 0x00007ff8cb9fa000 	C:\WINDOWS\SYSTEM32\VERSION.dll
0x00007ff8ceef0000 - 0x00007ff8cef1a000 	C:\WINDOWS\SYSTEM32\WINMMBASE.dll
0x00007ff8d5ed0000 - 0x00007ff8d5f1a000 	C:\WINDOWS\System32\cfgmgr32.dll
0x00000000641f0000 - 0x00000000641ff000 	C:\Data\Perforce\development\apps\jdk1.8.0_77_64Bit\jre\bin\verify.dll
0x00000000640a0000 - 0x00000000640c9000 	C:\Data\Perforce\development\apps\jdk1.8.0_77_64Bit\jre\bin\java.dll
0x0000000063190000 - 0x00000000631a6000 	C:\Data\Perforce\development\apps\jdk1.8.0_77_64Bit\jre\bin\zip.dll
0x000000002a0f0000 - 0x000000002b52d000 	C:\WINDOWS\System32\SHELL32.dll
0x00007ff8d7660000 - 0x00007ff8d7706000 	C:\WINDOWS\System32\shcore.dll
0x00007ff8d5380000 - 0x00007ff8d5aca000 	C:\WINDOWS\System32\windows.storage.dll
0x00007ff8d6450000 - 0x00007ff8d64a1000 	C:\WINDOWS\System32\shlwapi.dll
0x00007ff8d5340000 - 0x00007ff8d5351000 	C:\WINDOWS\System32\kernel.appcore.dll
0x00007ff8d52f0000 - 0x00007ff8d533c000 	C:\WINDOWS\System32\powrprof.dll
0x00007ff8d52d0000 - 0x00007ff8d52eb000 	C:\WINDOWS\System32\profapi.dll
0x00007ff8d4d20000 - 0x00007ff8d4d37000 	C:\WINDOWS\SYSTEM32\CRYPTSP.dll
0x00007ff8d4720000 - 0x00007ff8d4753000 	C:\WINDOWS\system32\rsaenh.dll
0x00007ff8d4e30000 - 0x00007ff8d4e55000 	C:\WINDOWS\SYSTEM32\bcrypt.dll
0x00007ff8d51d0000 - 0x00007ff8d51f9000 	C:\WINDOWS\SYSTEM32\USERENV.dll
0x00007ff8d4d40000 - 0x00007ff8d4d4b000 	C:\WINDOWS\SYSTEM32\CRYPTBASE.dll
0x0000000063170000 - 0x000000006318a000 	C:\Data\Perforce\development\apps\jdk1.8.0_77_64Bit\jre\bin\net.dll
0x00007ff8d4b60000 - 0x00007ff8d4bc6000 	C:\WINDOWS\system32\mswsock.dll
0x00007ff8d48b0000 - 0x00007ff8d48e9000 	C:\WINDOWS\SYSTEM32\IPHLPAPI.DLL
0x00007ff8d6550000 - 0x00007ff8d6558000 	C:\WINDOWS\System32\NSI.dll
0x00007ff8d1580000 - 0x00007ff8d1596000 	C:\WINDOWS\SYSTEM32\dhcpcsvc6.DLL
0x00007ff8d1330000 - 0x00007ff8d134a000 	C:\WINDOWS\SYSTEM32\dhcpcsvc.DLL
0x0000000063150000 - 0x0000000063161000 	C:\Data\Perforce\development\apps\jdk1.8.0_77_64Bit\jre\bin\nio.dll
0x000000002d850000 - 0x000000002d86f000 	C:\Users\q0hecmbm\AppData\Local\Temp\1\jffi4391723344334290602.tmp
0x000000002f5f0000 - 0x0000000030142000 	C:\Data\Perforce\development\apps\jdk1.8.0_77_64Bit\bin\javaHeclib.dll
0x00007ff8d8f30000 - 0x00007ff8d8f4d000 	C:\WINDOWS\System32\imagehlp.dll
0x00007ff8d3d40000 - 0x00007ff8d3f08000 	C:\WINDOWS\SYSTEM32\dbghelp.dll

VM Arguments:
jvm_args: -Dpython.path=C:\Programs\eclipse\eclipse\plugins\org.python.pydev.core_7.2.1.201904261721\pysrc\pydev_sitecustomize;C:\Programs\eclipse\workspace\SnowMelt;C:\Users\q0hecmbm\Desktop\Working\_CWMS\CWMS-v3.1.1.1\common\jar\admin.jar;C:\Users\q0hecmbm\Desktop\Working\_CWMS\CWMS-v3.1.1.1\common\jar\callbackServices.jar;C:\Users\q0hecmbm\Desktop\Working\_CWMS\CWMS-v3.1.1.1\common\jar\cavi.jar;C:\Users\q0hecmbm\Desktop\Working\_CWMS\CWMS-v3.1.1.1\common\jar\coop.jar;C:\Users\q0hecmbm\Desktop\Working\_CWMS\CWMS-v3.1.1.1\common\jar\cwmsDbAspects-3.0.7.jar;C:\Users\q0hecmbm\Desktop\Working\_CWMS\CWMS-v3.1.1.1\common\jar\cwmsDbDao-3.0.7.jar;C:\Users\q0hecmbm\Desktop\Working\_CWMS\CWMS-v3.1.1.1\common\jar\cwmsDbJdbc-3.0.7.jar;C:\Users\q0hecmbm\Desktop\Working\_CWMS\CWMS-v3.1.1.1\common\jar\cwmsvueregibridge.jar;C:\Users\q0hecmbm\Desktop\Working\_CWMS\CWMS-v3.1.1.1\common\jar\dataAcq.jar;C:\Users\q0hecmbm\Desktop\Working\_CWMS\CWMS-v3.1.1.1\common\jar\dataexchange.jar;C:\Users\q0hecmbm\Desktop\Working\_CWMS\CWMS-v3.1.1.1\common\jar\dataExchangeEngine.jar;C:\Users\q0hecmbm\Desktop\Working\_CWMS\CWMS-v3.1.1.1\common\jar\dataExchangeFactories.jar;C:\Users\q0hecmbm\Desktop\Working\_CWMS\CWMS-v3.1.1.1\common\jar\dataExchangeServices.jar;C:\Users\q0hecmbm\Desktop\Working\_CWMS\CWMS-v3.1.1.1\common\jar\dataExchangeUi.jar;C:\Users\q0hecmbm\Desktop\Working\_CWMS\CWMS-v3.1.1.1\common\jar\dataExchangeXml.jar;C:\Users\q0hecmbm\Desktop\Working\_CWMS\CWMS-v3.1.1.1\common\jar\dbi.jar;C:\Users\q0hecmbm\Desktop\Working\_CWMS\CWMS-v3.1.1.1\common\jar\decode.jar;C:\Users\q0hecmbm\Desktop\Working\_CWMS\CWMS-v3.1.1.1\common\jar\dspm.jar;C:\Users\q0hecmbm\Desktop\Working\_CWMS\CWMS-v3.1.1.1\common\jar\dssguiPlugins.jar;C:\Users\q0hecmbm\Desktop\Working\_CWMS\CWMS-v3.1.1.1\common\jar\environment.jar;C:\Users\q0hecmbm\Desktop\Working\_CWMS\CWMS-v3.1.1.1\common\jar\fileHunter.jar;C:\Users\q0hecmbm\Desktop\Working\_CWMS\CWMS-v3.1.1.1\common\jar\geotools-crs-1.0.jar;C:\Users\q0hecmbm\Desktop\Working\_CW
java_command: org.python.util.jython C:\Programs\eclipse\workspace\SnowMelt\Locations.py
java_class_path (initial): C:/jython2.7.0/jython.jar;C:\Programs\eclipse\eclipse\plugins\org.python.pydev.core_7.2.1.201904261721\pysrc\pydev_sitecustomize;C:\Programs\eclipse\workspace\SnowMelt;C:\Users\q0hecmbm\Desktop\Working\_CWMS\CWMS-v3.1.1.1\common\jar\admin.jar;C:\Users\q0hecmbm\Desktop\Working\_CWMS\CWMS-v3.1.1.1\common\jar\callbackServices.jar;C:\Users\q0hecmbm\Desktop\Working\_CWMS\CWMS-v3.1.1.1\common\jar\cavi.jar;C:\Users\q0hecmbm\Desktop\Working\_CWMS\CWMS-v3.1.1.1\common\jar\coop.jar;C:\Users\q0hecmbm\Desktop\Working\_CWMS\CWMS-v3.1.1.1\common\jar\cwmsDbAspects-3.0.7.jar;C:\Users\q0hecmbm\Desktop\Working\_CWMS\CWMS-v3.1.1.1\common\jar\cwmsDbDao-3.0.7.jar;C:\Users\q0hecmbm\Desktop\Working\_CWMS\CWMS-v3.1.1.1\common\jar\cwmsDbJdbc-3.0.7.jar;C:\Users\q0hecmbm\Desktop\Working\_CWMS\CWMS-v3.1.1.1\common\jar\cwmsvueregibridge.jar;C:\Users\q0hecmbm\Desktop\Working\_CWMS\CWMS-v3.1.1.1\common\jar\dataAcq.jar;C:\Users\q0hecmbm\Desktop\Working\_CWMS\CWMS-v3.1.1.1\common\jar\dataexchange.jar;C:\Users\q0hecmbm\Desktop\Working\_CWMS\CWMS-v3.1.1.1\common\jar\dataExchangeEngine.jar;C:\Users\q0hecmbm\Desktop\Working\_CWMS\CWMS-v3.1.1.1\common\jar\dataExchangeFactories.jar;C:\Users\q0hecmbm\Desktop\Working\_CWMS\CWMS-v3.1.1.1\common\jar\dataExchangeServices.jar;C:\Users\q0hecmbm\Desktop\Working\_CWMS\CWMS-v3.1.1.1\common\jar\dataExchangeUi.jar;C:\Users\q0hecmbm\Desktop\Working\_CWMS\CWMS-v3.1.1.1\common\jar\dataExchangeXml.jar;C:\Users\q0hecmbm\Desktop\Working\_CWMS\CWMS-v3.1.1.1\common\jar\dbi.jar;C:\Users\q0hecmbm\Desktop\Working\_CWMS\CWMS-v3.1.1.1\common\jar\decode.jar;C:\Users\q0hecmbm\Desktop\Working\_CWMS\CWMS-v3.1.1.1\common\jar\dspm.jar;C:\Users\q0hecmbm\Desktop\Working\_CWMS\CWMS-v3.1.1.1\common\jar\dssguiPlugins.jar;C:\Users\q0hecmbm\Desktop\Working\_CWMS\CWMS-v3.1.1.1\common\jar\environment.jar;C:\Users\q0hecmbm\Desktop\Working\_CWMS\CWMS-v3.1.1.1\common\jar\fileHunter.jar;C:\Users\q0hecmbm\Desktop\Working\_CWMS\CWMS-v3.1.1.1\common\jar\geotools-crs-1.0.j
Launcher Type: SUN_STANDARD

Environment Variables:
JAVA_HOME=C:\Programs\Java\jdk18x64
PATH=C:/Programs/eclipse/eclipse/jre/bin/../jre/bin/client;C:/Programs/eclipse/eclipse/jre/bin/../jre/bin;C:/Programs/eclipse/eclipse/jre/bin/../jre/lib/i386;C:\Program Files\avs\bin;C:\Program Files\avs\bin32;C:\Program Files (x86)\Intel\iCLS Client\;C:\Program Files\Intel\iCLS Client\;C:\WINDOWS\system32;C:\WINDOWS;C:\WINDOWS\System32\Wbem;C:\WINDOWS\System32\WindowsPowerShell\v1.0\;C:\Program Files (x86)\Enterprise Vault\EVClient\;C:\Program Files\Tumbleweed\Desktop Validator\;C:\Program Files\Tumbleweed\Desktop Validator\x86;C:\Program Files (x86)\HID Global\ActivClient\;C:\Program Files\HID Global\ActivClient\;C:\Program Files\Perforce;C:\Program Files (x86)\ArcGIS\Bin;C:\Program Files (x86)\Intel\Intel(R) Management Engine Components\DAL;C:\Program Files\Intel\Intel(R) Management Engine Components\DAL;C:\Program Files (x86)\Intel\Intel(R) Management Engine Components\IPT;C:\Program Files\Intel\Intel(R) Management Engine Components\IPT;C:\Program Files\Intel\WiFi\bin\;C:\Program Files\Common Files\Intel\WirelessCommon\;C:\WINDOWS\system32;C:\WINDOWS;C:\WINDOWS\System32\Wbem;C:\WINDOWS\System32\WindowsPowerShell\v1.0\;C:\WINDOWS\system32\config\systemprofile\AppData\Local\Microsoft\WindowsApps;c:\program files (x86)\adaptiva\AdaptivaClient\bin\x32;c:\program files (x86)\adaptiva\AdaptivaClient\bin\x64;C:\Python27;C:\jython2.7.0\bin;C:\Pyton27\Scripts;C:\Users\q0hecmbm\AppData\Local\Microsoft\WindowsApps;C:\Node;C:\Users\q0hecmbm\AppData\Local\Packages;C:\Programs\Java\jdk18x64;C:\Programs\Java\jdk18x64\bin;C:\Programs\eclipse\eclipse;
USERNAME=q0hecmbm
OS=Windows_NT
PROCESSOR_IDENTIFIER=Intel64 Family 6 Model 94 Stepping 3, GenuineIntel



---------------  S Y S T E M  ---------------

OS: Windows 10.0 , 64 bit Build 16299 (10.0.16299.1146)

CPU:total 8 (4 cores per cpu, 2 threads per core) family 6 model 94 stepping 3, cmov, cx8, fxsr, mmx, sse, sse2, sse3, ssse3, sse4.1, sse4.2, popcnt, avx, avx2, aes, clmul, erms, rtm, 3dnowpref, lzcnt, ht, tsc, tscinvbit, bmi1, bmi2, adx

Memory: 4k page, physical 33484004k(16462164k free), swap 40734000k(9224360k free)

vm_info: Java HotSpot(TM) 64-Bit Server VM (25.77-b03) for windows-amd64 JRE (1.8.0_77-b03), built on Mar 20 2016 22:01:33 by "java_re" with MS VC++ 10.0 (VS2010)

time: Mon Nov 25 10:21:47 2019
elapsed time: 4 seconds (0d 0h 0m 4s)

